<?xml version="1.0" encoding="UTF-8"?>
<!-- Generated by org.testng.reporters.JUnitReportReporter -->
<testsuite hostname="NM-Desktop-Evo" failures="0" tests="1" name="prime_assignments.ReadExcelBySanthosh" time="0.456" errors="0" timestamp="22 May 2023 20:08:52 GMT" skipped="0">
  <testcase classname="prime_assignments.ReadExcelBySanthosh" name="readexcel" time="0.456"/>
</testsuite> <!-- prime_assignments.ReadExcelBySanthosh -->
