<?xml version="1.0" encoding="UTF-8"?>
<!-- Generated by org.testng.reporters.JUnitReportReporter -->
<testsuite hostname="NM-Desktop-Evo" failures="0" tests="1" name="openmrs_testcases.FetchDynamicStocks" time="6.864" errors="0" timestamp="14 May 2023 20:19:18 GMT" skipped="0">
  <testcase classname="openmrs_testcases.FetchDynamicStocks" name="FetchStockNames" time="6.864"/>
</testsuite> <!-- openmrs_testcases.FetchDynamicStocks -->
