<?xml version="1.0" encoding="UTF-8"?>
<!-- Generated by org.testng.reporters.JUnitReportReporter -->
<testsuite hostname="NM-Desktop-Evo" failures="0" tests="1" name="prime_assignments.ReadExcelData" time="0.435" errors="0" timestamp="22 May 2023 16:55:20 GMT" skipped="0">
  <testcase classname="prime_assignments.ReadExcelData" name="getExcelData" time="0.435"/>
</testsuite> <!-- prime_assignments.ReadExcelData -->
