<?xml version="1.0" encoding="UTF-8"?>
<!-- Generated by org.testng.reporters.JUnitReportReporter -->
<testsuite hostname="NM-Desktop-Evo" failures="0" tests="2" name="org.mmp.patientmodule.tests.MMP_002_LoginTests" time="29.867" errors="0" timestamp="2023-06-17T23:35:20 CDT" skipped="0">
  <testcase classname="org.mmp.patientmodule.tests.MMP_002_LoginTests" name="TC_001_validateLogin" time="28.883"/>
  <system-out/>
  <testcase classname="org.mmp.patientmodule.tests.MMP_002_LoginTests" name="TC_002_invalidLogin" time="0.984"/>
  <system-out/>
</testsuite> <!-- org.mmp.patientmodule.tests.MMP_002_LoginTests -->
