<?xml version="1.0" encoding="UTF-8"?>
<!-- Generated by org.testng.reporters.JUnitReportReporter -->
<testsuite hostname="NM-Desktop-Evo" failures="0" tests="1" name="assignments.FetchDynamicStocks" time="5.816" errors="0" timestamp="11 May 2023 00:10:43 GMT" skipped="0">
  <testcase classname="assignments.FetchDynamicStocks" name="FetchStockName" time="5.816"/>
</testsuite> <!-- assignments.FetchDynamicStocks -->
