<?xml version="1.0" encoding="UTF-8"?>
<!-- Generated by org.testng.reporters.JUnitReportReporter -->
<testsuite hostname="NM-Desktop-Evo" failures="0" tests="2" name="openmrs_testcases.LaunchMRS_Parameters" time="6.003" errors="0" timestamp="15 May 2023 21:53:07 GMT" skipped="0">
  <testcase classname="openmrs_testcases.LaunchMRS_Parameters" name="openurltest" time="3.302"/>
  <testcase classname="openmrs_testcases.LaunchMRS_Parameters" name="userDetails" time="2.701"/>
</testsuite> <!-- openmrs_testcases.LaunchMRS_Parameters -->
