<?xml version="1.0" encoding="UTF-8"?>
<!-- Generated by org.testng.reporters.JUnitReportReporter -->
<testsuite hostname="NM-Desktop-Evo" failures="0" tests="1" name="prime_assignments.ReadOnlyFields" time="11.575" errors="0" timestamp="18 May 2023 21:52:53 GMT" skipped="0">
  <testcase classname="prime_assignments.ReadOnlyFields" name="Profile" time="11.575"/>
</testsuite> <!-- prime_assignments.ReadOnlyFields -->
