<?xml version="1.0" encoding="UTF-8"?>
<!-- Generated by org.testng.reporters.JUnitReportReporter -->
<testsuite hostname="NM-Desktop-Evo" failures="0" tests="1" name="prime_assignments.ReadExcelBySan" time="0.572" errors="0" timestamp="22 May 2023 21:02:07 GMT" skipped="0">
  <testcase classname="prime_assignments.ReadExcelBySan" name="readexcel" time="0.572"/>
</testsuite> <!-- prime_assignments.ReadExcelBySan -->
