<?xml version="1.0" encoding="UTF-8"?>
<!-- Generated by org.testng.reporters.JUnitReportReporter -->
<testsuite hostname="NM-Desktop-Evo" failures="0" tests="1" name="prime_assignments.IntegrateExcelWithDP2" time="0.538" errors="0" timestamp="22 May 2023 21:04:16 GMT" skipped="0">
  <testcase classname="prime_assignments.IntegrateExcelWithDP2" name="getExcelData" time="0.538"/>
</testsuite> <!-- prime_assignments.IntegrateExcelWithDP2 -->
